  % Total    % Received % Xferd  Average Speed   Time    Time     Time  Current
                                 Dload  Upload   Total   Spent    Left  Speed
  0     0    0     0    0     0      0      0 --:--:-- --:--:-- --:--:--     0*   Trying 3.138.60.56...
* TCP_NODELAY set
* Connected to ec2-3-138-60-56.us-east-2.compute.amazonaws.com (3.138.60.56) port 80 (#0)
> GET /static/js/bundle.js HTTP/1.1
> Host: ec2-3-138-60-56.us-east-2.compute.amazonaws.com
> User-Agent: curl/7.64.1
> Accept: */*
> Cookie: login=eyJsb2duYW1lIjoiYXdkZW9yaW8ifQ.YWXdvA.qU00Td6iwFpbLtlpZcmOMTg9f2o
> 
< HTTP/1.1 200 OK
< Server: nginx/1.18.0 (Ubuntu)
< Date: Tue, 12 Oct 2021 19:12:02 GMT
< Content-Type: application/javascript; charset=utf-8
< Content-Length: 1813747
< Connection: keep-alive
< Content-Disposition: inline; filename=bundle.js
< Last-Modified: Tue, 12 Oct 2021 19:05:05 GMT
< Cache-Control: no-cache
< 
{ [2167 bytes data]
 30 1771k   30  544k    0     0  1202k      0  0:00:01 --:--:--  0:00:01 1200k100 1771k  100 1771k    0     0  1585k      0  0:00:01  0:00:01 --:--:-- 1585k
* Connection #0 to host ec2-3-138-60-56.us-east-2.compute.amazonaws.com left intact
* Closing connection 0
