  % Total    % Received % Xferd  Average Speed   Time    Time     Time  Current
                                 Dload  Upload   Total   Spent    Left  Speed
  0     0    0     0    0     0      0      0 --:--:-- --:--:-- --:--:--     0*   Trying 3.138.60.56...
* TCP_NODELAY set
* Connected to ec2-3-138-60-56.us-east-2.compute.amazonaws.com (3.138.60.56) port 80 (#0)
> GET / HTTP/1.1
> Host: ec2-3-138-60-56.us-east-2.compute.amazonaws.com
> User-Agent: curl/7.64.1
> Accept: */*
> Cookie: login=eyJsb2duYW1lIjoiYXdkZW9yaW8ifQ.YWY_pQ.phRZHBLFHMdJuAxUZlY-y_Us8-A
> 
< HTTP/1.1 200 OK
< Server: nginx/1.18.0 (Ubuntu)
< Date: Wed, 13 Oct 2021 02:09:11 GMT
< Content-Type: text/html; charset=utf-8
< Content-Length: 1161
< Connection: keep-alive
< Vary: Cookie
< 
{ [1161 bytes data]
100  1161  100  1161    0     0  13044      0 --:--:-- --:--:-- --:--:-- 13044
* Connection #0 to host ec2-3-138-60-56.us-east-2.compute.amazonaws.com left intact
* Closing connection 0
